0 info it worked if it ends with ok
1 verbose cli [ 'C:\\Program Files\\nodejs\\node.exe',
1 verbose cli   'C:\\Program Files\\nodejs\\node_modules\\npm\\bin\\npm-cli.js',
1 verbose cli   'run',
1 verbose cli   'lint:watch' ]
2 info using npm@3.10.9
3 info using node@v6.9.2
4 verbose run-script [ 'prelint:watch', 'lint:watch', 'postlint:watch' ]
5 info lifecycle node-app-patterns@1.0.0~prelint:watch: node-app-patterns@1.0.0
6 silly lifecycle node-app-patterns@1.0.0~prelint:watch: no script for prelint:watch, continuing
7 info lifecycle node-app-patterns@1.0.0~lint:watch: node-app-patterns@1.0.0
8 verbose lifecycle node-app-patterns@1.0.0~lint:watch: unsafe-perm in lifecycle true
9 verbose lifecycle node-app-patterns@1.0.0~lint:watch: PATH: C:\Program Files\nodejs\node_modules\npm\bin\node-gyp-bin;C:\Users\COMI\Documents\GitHub\ps-node-app-patterns\node_modules\.bin;C:\windows\system32;C:\windows;C:\windows\System32\Wbem;C:\windows\System32\WindowsPowerShell\v1.0\;C:\Program Files\Intel\OpenCL SDK\2.0\bin\x86;C:\Program Files\Microsoft\Web Platform Installer\;C:\Program Files\nodejs\;C:\Program Files\Git\cmd;C:\Program Files\Microsoft VS Code\bin;C:\Users\COMI\AppData\Roaming\npm;C:\Program Files\Heroku\bin
10 verbose lifecycle node-app-patterns@1.0.0~lint:watch: CWD: C:\Users\COMI\Documents\GitHub\ps-node-app-patterns
11 silly lifecycle node-app-patterns@1.0.0~lint:watch: Args: [ '/d /s /c', 'esw *.js --watch' ]
12 silly lifecycle node-app-patterns@1.0.0~lint:watch: Returned: code: 3221225786  signal: null
13 info lifecycle node-app-patterns@1.0.0~lint:watch: Failed to exec lint:watch script
14 verbose stack Error: node-app-patterns@1.0.0 lint:watch: `esw *.js --watch`
14 verbose stack Exit status 3221225786
14 verbose stack     at EventEmitter.<anonymous> (C:\Program Files\nodejs\node_modules\npm\lib\utils\lifecycle.js:255:16)
14 verbose stack     at emitTwo (events.js:106:13)
14 verbose stack     at EventEmitter.emit (events.js:191:7)
14 verbose stack     at ChildProcess.<anonymous> (C:\Program Files\nodejs\node_modules\npm\lib\utils\spawn.js:40:14)
14 verbose stack     at emitTwo (events.js:106:13)
14 verbose stack     at ChildProcess.emit (events.js:191:7)
14 verbose stack     at maybeClose (internal/child_process.js:877:16)
14 verbose stack     at Process.ChildProcess._handle.onexit (internal/child_process.js:226:5)
15 verbose pkgid node-app-patterns@1.0.0
16 verbose cwd C:\Users\COMI\Documents\GitHub\ps-node-app-patterns
17 error Windows_NT 6.1.7601
18 error argv "C:\\Program Files\\nodejs\\node.exe" "C:\\Program Files\\nodejs\\node_modules\\npm\\bin\\npm-cli.js" "run" "lint:watch"
19 error node v6.9.2
20 error npm  v3.10.9
21 error code ELIFECYCLE
22 error node-app-patterns@1.0.0 lint:watch: `esw *.js --watch`
22 error Exit status 3221225786
23 error Failed at the node-app-patterns@1.0.0 lint:watch script 'esw *.js --watch'.
23 error Make sure you have the latest version of node.js and npm installed.
23 error If you do, this is most likely a problem with the node-app-patterns package,
23 error not with npm itself.
23 error Tell the author that this fails on your system:
23 error     esw *.js --watch
23 error You can get information on how to open an issue for this project with:
23 error     npm bugs node-app-patterns
23 error Or if that isn't available, you can get their info via:
23 error     npm owner ls node-app-patterns
23 error There is likely additional logging output above.
24 verbose exit [ 1, true ]
